n_proc = 64
rank = 0
Alocating vectors: 0.04 seconds
Preparing the real domain for radial integration: 6.38 seconds
Finished loading
Load from disk: 1.86 seconds
Finished loading
Load from disk: 1.74 seconds
Finished loading
Load from disk: 1.73 seconds
249.217673008
('Q and R min/max : ', -5.8377248773933337, 19.36055461542681, -7512.2045014011128, 7129.4427219148411)
('Computation Boundaries : ', -10, 10)
[-10.          -9.7979798   -9.5959596   -9.39393939  -9.19191919
  -8.98989899  -8.78787879  -8.58585859  -8.38383838  -8.18181818
  -7.97979798  -7.77777778  -7.57575758  -7.37373737  -7.17171717
  -6.96969697  -6.76767677  -6.56565657  -6.36363636  -6.16161616
  -5.95959596  -5.75757576  -5.55555556  -5.35353535  -5.15151515
  -4.94949495  -4.74747475  -4.54545455  -4.34343434  -4.14141414
  -3.93939394  -3.73737374  -3.53535354  -3.33333333  -3.13131313
  -2.92929293  -2.72727273  -2.52525253  -2.32323232  -2.12121212
  -1.91919192  -1.71717172  -1.51515152  -1.31313131  -1.11111111
  -0.90909091  -0.70707071  -0.50505051  -0.3030303   -0.1010101
   0.1010101    0.3030303    0.50505051   0.70707071   0.90909091
   1.11111111   1.31313131   1.51515152   1.71717172   1.91919192
   2.12121212   2.32323232   2.52525253   2.72727273   2.92929293
   3.13131313   3.33333333   3.53535354   3.73737374   3.93939394
   4.14141414   4.34343434   4.54545455   4.74747475   4.94949495
   5.15151515   5.35353535   5.55555556   5.75757576   5.95959596
   6.16161616   6.36363636   6.56565657   6.76767677   6.96969697
   7.17171717   7.37373737   7.57575758   7.77777778   7.97979798
   8.18181818   8.38383838   8.58585859   8.78787879   8.98989899
   9.19191919   9.39393939   9.5959596    9.7979798   10.        ]
(-3.07, -2.8699999999999997, 3, 3.2)
[0]
dumping and exiting
